<?xml version="1.0" encoding="UTF-8"?>
<!-- Generated by org.testng.reporters.JUnitReportReporter -->
<testsuite skipped="0" hostname="DESKTOP-VJE8VFV" name="training.selenium.session9.FileUpload2" tests="1" failures="0" timestamp="15 Dec 2020 07:03:37 GMT" time="33.726" errors="0">
  <testcase name="checkBoxTest" time="33.726" classname="training.selenium.session9.FileUpload2"/>
</testsuite> <!-- training.selenium.session9.FileUpload2 -->
