<?xml version="1.0" encoding="UTF-8"?>
<!-- Generated by org.testng.reporters.JUnitReportReporter -->
<testsuite skipped="0" hostname="DESKTOP-VJE8VFV" name="training.selenium.session7.DynamicWebTable" tests="1" failures="0" timestamp="14 Dec 2020 08:45:29 GMT" time="75.855" errors="0">
  <testcase name="dynamicWebTableTest" time="75.855" classname="training.selenium.session7.DynamicWebTable"/>
</testsuite> <!-- training.selenium.session7.DynamicWebTable -->
