<?xml version="1.0" encoding="UTF-8"?>
<!-- Generated by org.testng.reporters.JUnitReportReporter -->
<testsuite skipped="0" hostname="DESKTOP-VJE8VFV" name="training.selenium.session6.RadioButtonHandling" tests="1" failures="0" timestamp="14 Dec 2020 07:55:23 GMT" time="22.454" errors="0">
  <testcase name="radioButtonTest" time="22.454" classname="training.selenium.session6.RadioButtonHandling"/>
</testsuite> <!-- training.selenium.session6.RadioButtonHandling -->
