<?xml version="1.0" encoding="UTF-8"?>
<!-- Generated by org.testng.reporters.JUnitReportReporter -->
<testsuite skipped="0" hostname="DESKTOP-VJE8VFV" name="tarining.selenium.AppTest" tests="1" failures="0" timestamp="09 Dec 2020 07:21:50 GMT" time="31.869" errors="0">
  <testcase name="test" time="31.869" classname="tarining.selenium.AppTest"/>
</testsuite> <!-- tarining.selenium.AppTest -->
