<?xml version="1.0" encoding="UTF-8"?>
<!-- Generated by org.testng.reporters.JUnitReportReporter -->
<testsuite skipped="0" hostname="DESKTOP-VJE8VFV" name="training.selenium.session4.MultipleWindow" tests="1" failures="0" timestamp="11 Dec 2020 03:55:41 GMT" time="81.381" errors="0">
  <testcase name="multipleWindowTest" time="81.381" classname="training.selenium.session4.MultipleWindow"/>
</testsuite> <!-- training.selenium.session4.MultipleWindow -->
