<?xml version="1.0" encoding="UTF-8"?>
<!-- Generated by org.testng.reporters.JUnitReportReporter -->
<testsuite skipped="0" hostname="DESKTOP-VJE8VFV" name="training.selenium.session8.UserLoginCredByXlsx" tests="1" failures="0" timestamp="14 Dec 2020 15:32:44 GMT" time="21.305" errors="0">
  <testcase name="loginTest" time="21.305" classname="training.selenium.session8.UserLoginCredByXlsx"/>
</testsuite> <!-- training.selenium.session8.UserLoginCredByXlsx -->
