<?xml version="1.0" encoding="UTF-8"?>
<!-- Generated by org.testng.reporters.JUnitReportReporter -->
<testsuite skipped="0" hostname="DESKTOP-VJE8VFV" name="training.selenium.session4.DragDropTesting" tests="1" failures="0" timestamp="10 Dec 2020 15:48:08 GMT" time="18.125" errors="0">
  <testcase name="dragDropTest" time="18.125" classname="training.selenium.session4.DragDropTesting"/>
</testsuite> <!-- training.selenium.session4.DragDropTesting -->
