<?xml version="1.0" encoding="UTF-8"?>
<!-- Generated by org.testng.reporters.JUnitReportReporter -->
<testsuite skipped="0" hostname="DESKTOP-VJE8VFV" name="training.selenium.session5.SwitchToFrame" tests="1" failures="0" timestamp="13 Dec 2020 15:46:38 GMT" time="14.609" errors="0">
  <testcase name="switchToFrameTest" time="14.609" classname="training.selenium.session5.SwitchToFrame"/>
</testsuite> <!-- training.selenium.session5.SwitchToFrame -->
