<?xml version="1.0" encoding="UTF-8"?>
<!-- Generated by org.testng.reporters.JUnitReportReporter -->
<testsuite skipped="0" hostname="DESKTOP-VJE8VFV" name="training.selenium.session5.ExplicitWait" tests="1" failures="0" timestamp="14 Dec 2020 06:42:36 GMT" time="23.943" errors="0">
  <testcase name="explicitWaitTest" time="23.943" classname="training.selenium.session5.ExplicitWait"/>
</testsuite> <!-- training.selenium.session5.ExplicitWait -->
