<?xml version="1.0" encoding="UTF-8"?>
<!-- Generated by org.testng.reporters.JUnitReportReporter -->
<testsuite skipped="0" hostname="DESKTOP-VJE8VFV" name="training.selenium.session8.LoginUsingProperties" tests="1" failures="0" timestamp="14 Dec 2020 16:13:33 GMT" time="16.850" errors="0">
  <testcase name="loginTest" time="16.850" classname="training.selenium.session8.LoginUsingProperties"/>
</testsuite> <!-- training.selenium.session8.LoginUsingProperties -->
