<?xml version="1.0" encoding="UTF-8"?>
<!-- Generated by org.testng.reporters.JUnitReportReporter -->
<testsuite skipped="0" hostname="DESKTOP-VJE8VFV" name="training.selenium.Flipkart" tests="1" failures="0" timestamp="17 Dec 2020 06:09:42 GMT" time="15.718" errors="0">
  <testcase name="checkBoxTest" time="15.718" classname="training.selenium.Flipkart"/>
</testsuite> <!-- training.selenium.Flipkart -->
