<?xml version="1.0" encoding="UTF-8"?>
<!-- Generated by org.testng.reporters.JUnitReportReporter -->
<testsuite skipped="0" hostname="DESKTOP-VJE8VFV" name="training.selenium.session3.LinksTesting" tests="1" failures="0" timestamp="14 Dec 2020 10:00:16 GMT" time="46.088" errors="0">
  <testcase name="test" time="46.088" classname="training.selenium.session3.LinksTesting"/>
</testsuite> <!-- training.selenium.session3.LinksTesting -->
