<?xml version="1.0" encoding="UTF-8"?>
<!-- Generated by org.testng.reporters.JUnitReportReporter -->
<testsuite skipped="0" hostname="DESKTOP-VJE8VFV" name="training.selenium.session3.DropdownTesting2" tests="1" failures="0" timestamp="10 Dec 2020 05:43:27 GMT" time="19.404" errors="0">
  <testcase name="test" time="19.404" classname="training.selenium.session3.DropdownTesting2"/>
</testsuite> <!-- training.selenium.session3.DropdownTesting2 -->
