<?xml version="1.0" encoding="UTF-8"?>
<!-- Generated by org.testng.reporters.JUnitReportReporter -->
<testsuite skipped="0" hostname="DESKTOP-VJE8VFV" name="training.selenium.session9.LoginUsingKeywords" tests="1" failures="0" timestamp="15 Dec 2020 06:07:23 GMT" time="14.450" errors="0">
  <testcase name="loginUsingKeywords" time="14.450" classname="training.selenium.session9.LoginUsingKeywords"/>
</testsuite> <!-- training.selenium.session9.LoginUsingKeywords -->
