<?xml version="1.0" encoding="UTF-8"?>
<!-- Generated by org.testng.reporters.JUnitReportReporter -->
<testsuite skipped="0" hostname="DESKTOP-VJE8VFV" name="training.selenium.session6.CheckBoxHandling" tests="1" failures="0" timestamp="14 Dec 2020 08:07:48 GMT" time="16.546" errors="0">
  <testcase name="checkBoxTest" time="16.546" classname="training.selenium.session6.CheckBoxHandling"/>
</testsuite> <!-- training.selenium.session6.CheckBoxHandling -->
