<?xml version="1.0" encoding="UTF-8"?>
<!-- Generated by org.testng.reporters.JUnitReportReporter -->
<testsuite skipped="0" hostname="DESKTOP-VJE8VFV" name="training.selenium.session5.AlertHandlingAssignment" tests="1" failures="0" timestamp="13 Dec 2020 16:08:45 GMT" time="24.691" errors="0">
  <testcase name="switchToFrameTest" time="24.691" classname="training.selenium.session5.AlertHandlingAssignment"/>
</testsuite> <!-- training.selenium.session5.AlertHandlingAssignment -->
