<?xml version="1.0" encoding="UTF-8"?>
<!-- Generated by org.testng.reporters.JUnitReportReporter -->
<testsuite skipped="0" hostname="DESKTOP-VJE8VFV" name="training.selenium.session8.UserLoginUsingDataProvider" tests="3" failures="0" timestamp="14 Dec 2020 15:50:00 GMT" time="44.980" errors="0">
  <testcase name="loginTest" time="15.584" classname="training.selenium.session8.UserLoginUsingDataProvider"/>
  <testcase name="loginTest" time="15.191" classname="training.selenium.session8.UserLoginUsingDataProvider"/>
  <testcase name="loginTest" time="14.205" classname="training.selenium.session8.UserLoginUsingDataProvider"/>
</testsuite> <!-- training.selenium.session8.UserLoginUsingDataProvider -->
