<?xml version="1.0" encoding="UTF-8"?>
<!-- Generated by org.testng.reporters.JUnitReportReporter -->
<testsuite skipped="0" hostname="DESKTOP-VJE8VFV" name="tarining.selenium.Session3" tests="1" failures="0" timestamp="10 Dec 2020 04:49:07 GMT" time="8.589" errors="0">
  <testcase name="test" time="8.589" classname="tarining.selenium.Session3"/>
</testsuite> <!-- tarining.selenium.Session3 -->
