<?xml version="1.0" encoding="UTF-8"?>
<!-- Generated by org.testng.reporters.JUnitReportReporter -->
<testsuite skipped="0" hostname="DESKTOP-VJE8VFV" name="training.selenium.session9.FileUpload" tests="1" failures="0" timestamp="15 Dec 2020 06:44:34 GMT" time="30.512" errors="0">
  <testcase name="checkBoxTest" time="30.512" classname="training.selenium.session9.FileUpload"/>
</testsuite> <!-- training.selenium.session9.FileUpload -->
