<?xml version="1.0" encoding="UTF-8"?>
<!-- Generated by org.testng.reporters.JUnitReportReporter -->
<testsuite skipped="0" hostname="DESKTOP-VJE8VFV" name="training.selenium.session3.DropdownTesting" tests="1" failures="0" timestamp="10 Dec 2020 05:24:08 GMT" time="17.834" errors="0">
  <testcase name="test" time="17.834" classname="training.selenium.session3.DropdownTesting"/>
</testsuite> <!-- training.selenium.session3.DropdownTesting -->
