<?xml version="1.0" encoding="UTF-8"?>
<!-- Generated by org.testng.reporters.JUnitReportReporter -->
<testsuite skipped="0" hostname="DESKTOP-VJE8VFV" name="training.selenium.session10.testscripts.ValidateLogin" tests="1" failures="0" timestamp="17 Dec 2020 06:31:04 GMT" time="3.822" errors="0">
  <testcase name="validateLoginTest" time="3.822" classname="training.selenium.session10.testscripts.ValidateLogin"/>
</testsuite> <!-- training.selenium.session10.testscripts.ValidateLogin -->
