<?xml version="1.0" encoding="UTF-8"?>
<!-- Generated by org.testng.reporters.JUnitReportReporter -->
<testsuite skipped="0" hostname="DESKTOP-VJE8VFV" name="training.selenium.session6.WebTable" tests="1" failures="0" timestamp="14 Dec 2020 08:33:37 GMT" time="54.719" errors="0">
  <testcase name="webTableTest" time="54.719" classname="training.selenium.session6.WebTable"/>
</testsuite> <!-- training.selenium.session6.WebTable -->
