<?xml version="1.0" encoding="UTF-8"?>
<!-- Generated by org.testng.reporters.JUnitReportReporter -->
<testsuite skipped="0" hostname="DESKTOP-VJE8VFV" name="training.selenium.session4.MouseHoverTesting" tests="1" failures="0" timestamp="10 Dec 2020 06:26:00 GMT" time="13.179" errors="0">
  <testcase name="mouseHoverTest" time="13.179" classname="training.selenium.session4.MouseHoverTesting"/>
</testsuite> <!-- training.selenium.session4.MouseHoverTesting -->
